#
# There is insufficient memory for the Java Runtime Environment to continue.
# Native memory allocation (malloc) failed to allocate 842656 bytes. Error detail: Chunk::new
# Possible reasons:
#   The system is out of physical RAM or swap space
#   This process is running with CompressedOops enabled, and the Java Heap may be blocking the growth of the native heap
# Possible solutions:
#   Reduce memory load on the system
#   Increase physical memory or swap space
#   Check if swap backing store is full
#   Decrease Java heap size (-Xmx/-Xms)
#   Decrease number of Java threads
#   Decrease Java thread stack sizes (-Xss)
#   Set larger code cache with -XX:ReservedCodeCacheSize=
#   JVM is running with Unscaled Compressed Oops mode in which the Java heap is
#     placed in the first 4GB address space. The Java Heap base address is the
#     maximum limit for the native heap growth. Please use -XX:HeapBaseMinAddress
#     to set the Java Heap base and to place the Java Heap above 4GB virtual address.
# This output file may be truncated or incomplete.
#
#  Out of Memory Error (arena.cpp:150), pid=3616, tid=11144
#
# JRE version: Java(TM) SE Runtime Environment (22.0+36) (build 22+36-2370)
# Java VM: Java HotSpot(TM) 64-Bit Server VM (22+36-2370, mixed mode, sharing, tiered, compressed oops, compressed class ptrs, g1 gc, windows-amd64)
# No core dump will be written. Minidumps are not enabled by default on client versions of Windows
#

---------------  S U M M A R Y ------------

Command Line: -javaagent:C:\Program Files\JetBrains\IntelliJ IDEA Community Edition 2024.1.3\lib\idea_rt.jar=54620:C:\Program Files\JetBrains\IntelliJ IDEA Community Edition 2024.1.3\bin -Dfile.encoding=UTF-8 -Dsun.stdout.encoding=UTF-8 -Dsun.stderr.encoding=UTF-8 com.example.cinema_backend.CinemaBackEndApplication

Host: 11th Gen Intel(R) Core(TM) i5-1135G7 @ 2.40GHz, 8 cores, 3G,  Windows 11 , 64 bit Build 22621 (10.0.22621.4391)
Time: Thu Dec 26 04:35:45 2024 SE Asia Standard Time elapsed time: 5.447609 seconds (0d 0h 0m 5s)

---------------  T H R E A D  ---------------

Current thread (0x000001edc19c6350):  JavaThread "C2 CompilerThread1" daemon [_thread_in_native, id=11144, stack(0x0000003b82f00000,0x0000003b83000000) (1024K)]


Current CompileTask:
C2:5447 2576   !   4       jdk.internal.loader.BuiltinClassLoader::loadClassOrNull (143 bytes)

Stack: [0x0000003b82f00000,0x0000003b83000000]
Native frames: (J=compiled Java code, j=interpreted, Vv=VM code, C=native code)
V  [jvm.dll+0x6e2349]  (no source info available)
V  [jvm.dll+0x874ed3]  (no source info available)
V  [jvm.dll+0x8772fe]  (no source info available)
V  [jvm.dll+0x8779d3]  (no source info available)
V  [jvm.dll+0x27fcb6]  (no source info available)
V  [jvm.dll+0xc3d0f]  (no source info available)
V  [jvm.dll+0xc3f6b]  (no source info available)
V  [jvm.dll+0x2f3b6f]  (no source info available)
V  [jvm.dll+0x60bd8a]  (no source info available)
V  [jvm.dll+0x2499d6]  (no source info available)
V  [jvm.dll+0x246eb6]  (no source info available)
V  [jvm.dll+0x1c4e90]  (no source info available)
V  [jvm.dll+0x25699e]  (no source info available)
V  [jvm.dll+0x254c5a]  (no source info available)
V  [jvm.dll+0x3f5426]  (no source info available)
V  [jvm.dll+0x81d50b]  (no source info available)
V  [jvm.dll+0x6e09e5]  (no source info available)
C  [ucrtbase.dll+0x29333]  (no source info available)
C  [KERNEL32.DLL+0x1259d]  (no source info available)
C  [ntdll.dll+0x5af38]  (no source info available)


---------------  P R O C E S S  ---------------

Threads class SMR info:
_java_thread_list=0x000001edc649a340, length=16, elements={
0x000001edda70d120, 0x000001edc1193e90, 0x000001edc1195050, 0x000001edc119a260,
0x000001edc119cec0, 0x000001edc119efe0, 0x000001edc11a0480, 0x000001edc11a7160,
0x000001edc11a7dc0, 0x000001edc138f740, 0x000001edc1896c20, 0x000001edc1897290,
0x000001edc19c6350, 0x000001edc61973d0, 0x000001edc1d36720, 0x000001edc65e82e0
}

Java Threads: ( => current thread )
  0x000001edda70d120 JavaThread "main"                              [_thread_blocked, id=15956, stack(0x0000003b81c00000,0x0000003b81d00000) (1024K)]
  0x000001edc1193e90 JavaThread "Reference Handler"          daemon [_thread_blocked, id=21224, stack(0x0000003b82400000,0x0000003b82500000) (1024K)]
  0x000001edc1195050 JavaThread "Finalizer"                  daemon [_thread_blocked, id=13968, stack(0x0000003b82500000,0x0000003b82600000) (1024K)]
  0x000001edc119a260 JavaThread "Signal Dispatcher"          daemon [_thread_blocked, id=21220, stack(0x0000003b82600000,0x0000003b82700000) (1024K)]
  0x000001edc119cec0 JavaThread "Attach Listener"            daemon [_thread_blocked, id=2056, stack(0x0000003b82700000,0x0000003b82800000) (1024K)]
  0x000001edc119efe0 JavaThread "Service Thread"             daemon [_thread_blocked, id=11952, stack(0x0000003b82800000,0x0000003b82900000) (1024K)]
  0x000001edc11a0480 JavaThread "Monitor Deflation Thread"   daemon [_thread_blocked, id=14172, stack(0x0000003b82900000,0x0000003b82a00000) (1024K)]
  0x000001edc11a7160 JavaThread "C2 CompilerThread0"         daemon [_thread_in_native, id=17644, stack(0x0000003b82a00000,0x0000003b82b00000) (1024K)]
  0x000001edc11a7dc0 JavaThread "C1 CompilerThread0"         daemon [_thread_blocked, id=8916, stack(0x0000003b82b00000,0x0000003b82c00000) (1024K)]
  0x000001edc138f740 JavaThread "Common-Cleaner"             daemon [_thread_blocked, id=20400, stack(0x0000003b82c00000,0x0000003b82d00000) (1024K)]
  0x000001edc1896c20 JavaThread "Monitor Ctrl-Break"         daemon [_thread_in_native, id=13976, stack(0x0000003b82d00000,0x0000003b82e00000) (1024K)]
  0x000001edc1897290 JavaThread "Notification Thread"        daemon [_thread_blocked, id=10896, stack(0x0000003b82e00000,0x0000003b82f00000) (1024K)]
=>0x000001edc19c6350 JavaThread "C2 CompilerThread1"         daemon [_thread_in_native, id=11144, stack(0x0000003b82f00000,0x0000003b83000000) (1024K)]
  0x000001edc61973d0 JavaThread "Thread-0"                          [_thread_blocked, id=18568, stack(0x0000003b83000000,0x0000003b83100000) (1024K)]
  0x000001edc1d36720 JavaThread "restartedMain"                     [_thread_in_native, id=9264, stack(0x0000003b83100000,0x0000003b83200000) (1024K)]
  0x000001edc65e82e0 JavaThread "background-preinit"                [_thread_in_vm, id=3668, stack(0x0000003b83700000,0x0000003b83800000) (1024K)]
Total: 16

Other Threads:
  0x000001edc1178240 VMThread "VM Thread"                           [id=2756, stack(0x0000003b82300000,0x0000003b82400000) (1024K)]
  0x000001edc11637e0 WatcherThread "VM Periodic Task Thread"        [id=17360, stack(0x0000003b82200000,0x0000003b82300000) (1024K)]
  0x000001eddca91a90 WorkerThread "GC Thread#0"                     [id=21108, stack(0x0000003b81d00000,0x0000003b81e00000) (1024K)]
  0x000001edc6231c80 WorkerThread "GC Thread#1"                     [id=3984, stack(0x0000003b83200000,0x0000003b83300000) (1024K)]
  0x000001edc6232030 WorkerThread "GC Thread#2"                     [id=9316, stack(0x0000003b83300000,0x0000003b83400000) (1024K)]
  0x000001edc1cf8d20 WorkerThread "GC Thread#3"                     [id=20048, stack(0x0000003b83400000,0x0000003b83500000) (1024K)]
  0x000001edc1cf9550 WorkerThread "GC Thread#4"                     [id=13132, stack(0x0000003b83500000,0x0000003b83600000) (1024K)]
  0x000001edc1bbc080 WorkerThread "GC Thread#5"                     [id=19904, stack(0x0000003b83600000,0x0000003b83700000) (1024K)]
  0x000001edc62d6200 WorkerThread "GC Thread#6"                     [id=12072, stack(0x0000003b83800000,0x0000003b83900000) (1024K)]
  0x000001edc62d7470 WorkerThread "GC Thread#7"                     [id=15644, stack(0x0000003b83900000,0x0000003b83a00000) (1024K)]
  0x000001eddca9a200 ConcurrentGCThread "G1 Main Marker"            [id=11532, stack(0x0000003b81e00000,0x0000003b81f00000) (1024K)]
  0x000001eddca9aec0 WorkerThread "G1 Conc#0"                       [id=4544, stack(0x0000003b81f00000,0x0000003b82000000) (1024K)]
  0x000001edc62d7820 WorkerThread "G1 Conc#1"                       [id=5700, stack(0x0000003b83a00000,0x0000003b83b00000) (1024K)]
  0x000001eddcb03060 ConcurrentGCThread "G1 Refine#0"               [id=3484, stack(0x0000003b82000000,0x0000003b82100000) (1024K)]
  0x000001eddcb03be0 ConcurrentGCThread "G1 Service"                [id=20184, stack(0x0000003b82100000,0x0000003b82200000) (1024K)]
Total: 15

Threads with active compile tasks:
C2 CompilerThread0  5612 2663       4       java.lang.invoke.MethodType::methodType (69 bytes)
C2 CompilerThread1  5612 2576   !   4       jdk.internal.loader.BuiltinClassLoader::loadClassOrNull (143 bytes)
Total: 2

VM state: not at safepoint (normal execution)

VM Mutex/Monitor currently owned by a thread: None

Heap address: 0x00000000c4400000, size: 956 MB, Compressed Oops mode: 32-bit

CDS archive(s) mapped at: [0x000001ed80000000-0x000001ed80c60000-0x000001ed80c60000), size 12976128, SharedBaseAddress: 0x000001ed80000000, ArchiveRelocationMode: 1.
Compressed class space mapped at: 0x000001ed81000000-0x000001edc1000000, reserved size: 1073741824
Narrow klass base: 0x000001ed80000000, Narrow klass shift: 0, Narrow klass range: 0x41000000

GC Precious Log:
 CardTable entry size: 512
 Card Set container configuration: InlinePtr #cards 5 size 8 Array Of Cards #cards 12 size 40 Howl #buckets 4 coarsen threshold 1843 Howl Bitmap #cards 512 size 80 coarsen threshold 460 Card regions per heap region 1 cards per card region 2048
 CPUs: 8 total, 8 available
 Memory: 3818M
 Large Page Support: Disabled
 NUMA Support: Disabled
 Compressed Oops: Enabled (32-bit)
 Heap Region Size: 1M
 Heap Min Capacity: 8M
 Heap Initial Capacity: 60M
 Heap Max Capacity: 956M
 Pre-touch: Disabled
 Parallel Workers: 8
 Concurrent Workers: 2
 Concurrent Refinement Workers: 8
 Periodic GC: Disabled

Heap:
 garbage-first heap   total reserved 978944K, committed 45056K, used 14030K [0x00000000c4400000, 0x0000000100000000)
  region size 1024K, 5 young (5120K), 3 survivors (3072K)
 Metaspace       used 21474K, committed 21824K, reserved 1114112K
  class space    used 2724K, committed 2880K, reserved 1048576K

Heap Regions: E=young(eden), S=young(survivor), O=old, HS=humongous(starts), HC=humongous(continues), CS=collection set, F=free, TAMS=top-at-mark-start, PB=parsable bottom
|   0|0x00000000c4400000, 0x00000000c4500000, 0x00000000c4500000|100%|HS|  |TAMS 0x00000000c4400000| PB 0x00000000c4400000| Complete |  0
|   1|0x00000000c4500000, 0x00000000c4600000, 0x00000000c4600000|100%| O|  |TAMS 0x00000000c4500000| PB 0x00000000c4500000| Untracked |  0
|   2|0x00000000c4600000, 0x00000000c4700000, 0x00000000c4700000|100%| O|  |TAMS 0x00000000c4600000| PB 0x00000000c4600000| Untracked |  0
|   3|0x00000000c4700000, 0x00000000c4800000, 0x00000000c4800000|100%| O|  |TAMS 0x00000000c4700000| PB 0x00000000c4700000| Untracked |  0
|   4|0x00000000c4800000, 0x00000000c4900000, 0x00000000c4900000|100%| O|  |TAMS 0x00000000c4800000| PB 0x00000000c4800000| Untracked |  0
|   5|0x00000000c4900000, 0x00000000c4a00000, 0x00000000c4a00000|100%| O|  |TAMS 0x00000000c4900000| PB 0x00000000c4900000| Untracked |  0
|   6|0x00000000c4a00000, 0x00000000c4b00000, 0x00000000c4b00000|100%| O|  |TAMS 0x00000000c4a00000| PB 0x00000000c4a00000| Untracked |  0
|   7|0x00000000c4b00000, 0x00000000c4c00000, 0x00000000c4c00000|100%| O|  |TAMS 0x00000000c4b00000| PB 0x00000000c4b00000| Untracked |  0
|   8|0x00000000c4c00000, 0x00000000c4d00000, 0x00000000c4d00000|100%| O|  |TAMS 0x00000000c4c00000| PB 0x00000000c4c00000| Untracked |  0
|   9|0x00000000c4d00000, 0x00000000c4dd8f20, 0x00000000c4e00000| 84%| O|Cm|TAMS 0x00000000c4d00000| PB 0x00000000c4d00000| Complete |  0
|  10|0x00000000c4e00000, 0x00000000c4e00000, 0x00000000c4f00000|  0%| F|  |TAMS 0x00000000c4e00000| PB 0x00000000c4e00000| Untracked |  0
|  11|0x00000000c4f00000, 0x00000000c4f00000, 0x00000000c5000000|  0%| F|  |TAMS 0x00000000c4f00000| PB 0x00000000c4f00000| Untracked |  0
|  12|0x00000000c5000000, 0x00000000c5000000, 0x00000000c5100000|  0%| F|  |TAMS 0x00000000c5000000| PB 0x00000000c5000000| Untracked |  0
|  13|0x00000000c5100000, 0x00000000c5100000, 0x00000000c5200000|  0%| F|  |TAMS 0x00000000c5100000| PB 0x00000000c5100000| Untracked |  0
|  14|0x00000000c5200000, 0x00000000c5200000, 0x00000000c5300000|  0%| F|  |TAMS 0x00000000c5200000| PB 0x00000000c5200000| Untracked |  0
|  15|0x00000000c5300000, 0x00000000c5300000, 0x00000000c5400000|  0%| F|  |TAMS 0x00000000c5300000| PB 0x00000000c5300000| Untracked |  0
|  16|0x00000000c5400000, 0x00000000c5400000, 0x00000000c5500000|  0%| F|  |TAMS 0x00000000c5400000| PB 0x00000000c5400000| Untracked |  0
|  17|0x00000000c5500000, 0x00000000c5500000, 0x00000000c5600000|  0%| F|  |TAMS 0x00000000c5500000| PB 0x00000000c5500000| Untracked |  0
|  18|0x00000000c5600000, 0x00000000c5600000, 0x00000000c5700000|  0%| F|  |TAMS 0x00000000c5600000| PB 0x00000000c5600000| Untracked |  0
|  19|0x00000000c5700000, 0x00000000c5700000, 0x00000000c5800000|  0%| F|  |TAMS 0x00000000c5700000| PB 0x00000000c5700000| Untracked |  0
|  20|0x00000000c5800000, 0x00000000c5800000, 0x00000000c5900000|  0%| F|  |TAMS 0x00000000c5800000| PB 0x00000000c5800000| Untracked |  0
|  21|0x00000000c5900000, 0x00000000c5900000, 0x00000000c5a00000|  0%| F|  |TAMS 0x00000000c5900000| PB 0x00000000c5900000| Untracked |  0
|  22|0x00000000c5a00000, 0x00000000c5a00000, 0x00000000c5b00000|  0%| F|  |TAMS 0x00000000c5a00000| PB 0x00000000c5a00000| Untracked |  0
|  23|0x00000000c5b00000, 0x00000000c5b00000, 0x00000000c5c00000|  0%| F|  |TAMS 0x00000000c5b00000| PB 0x00000000c5b00000| Untracked |  0
|  24|0x00000000c5c00000, 0x00000000c5c00000, 0x00000000c5d00000|  0%| F|  |TAMS 0x00000000c5c00000| PB 0x00000000c5c00000| Untracked |  0
|  25|0x00000000c5d00000, 0x00000000c5d00000, 0x00000000c5e00000|  0%| F|  |TAMS 0x00000000c5d00000| PB 0x00000000c5d00000| Untracked |  0
|  26|0x00000000c5e00000, 0x00000000c5e00000, 0x00000000c5f00000|  0%| F|  |TAMS 0x00000000c5e00000| PB 0x00000000c5e00000| Untracked |  0
|  27|0x00000000c5f00000, 0x00000000c5f00000, 0x00000000c6000000|  0%| F|  |TAMS 0x00000000c5f00000| PB 0x00000000c5f00000| Untracked |  0
|  28|0x00000000c6000000, 0x00000000c6000000, 0x00000000c6100000|  0%| F|  |TAMS 0x00000000c6000000| PB 0x00000000c6000000| Untracked |  0
|  29|0x00000000c6100000, 0x00000000c6100000, 0x00000000c6200000|  0%| F|  |TAMS 0x00000000c6100000| PB 0x00000000c6100000| Untracked |  0
|  30|0x00000000c6200000, 0x00000000c6200000, 0x00000000c6300000|  0%| F|  |TAMS 0x00000000c6200000| PB 0x00000000c6200000| Untracked |  0
|  31|0x00000000c6300000, 0x00000000c6300000, 0x00000000c6400000|  0%| F|  |TAMS 0x00000000c6300000| PB 0x00000000c6300000| Untracked |  0
|  32|0x00000000c6400000, 0x00000000c6400000, 0x00000000c6500000|  0%| F|  |TAMS 0x00000000c6400000| PB 0x00000000c6400000| Untracked |  0
|  33|0x00000000c6500000, 0x00000000c6500000, 0x00000000c6600000|  0%| F|  |TAMS 0x00000000c6500000| PB 0x00000000c6500000| Untracked |  0
|  34|0x00000000c6600000, 0x00000000c6600000, 0x00000000c6700000|  0%| F|  |TAMS 0x00000000c6600000| PB 0x00000000c6600000| Untracked |  0
|  35|0x00000000c6700000, 0x00000000c6700000, 0x00000000c6800000|  0%| F|  |TAMS 0x00000000c6700000| PB 0x00000000c6700000| Untracked |  0
|  36|0x00000000c6800000, 0x00000000c6800000, 0x00000000c6900000|  0%| F|  |TAMS 0x00000000c6800000| PB 0x00000000c6800000| Untracked |  0
|  37|0x00000000c6900000, 0x00000000c6900000, 0x00000000c6a00000|  0%| F|  |TAMS 0x00000000c6900000| PB 0x00000000c6900000| Untracked |  0
|  38|0x00000000c6a00000, 0x00000000c6a00000, 0x00000000c6b00000|  0%| F|  |TAMS 0x00000000c6a00000| PB 0x00000000c6a00000| Untracked |  0
|  39|0x00000000c6b00000, 0x00000000c6c00000, 0x00000000c6c00000|100%| E|  |TAMS 0x00000000c6b00000| PB 0x00000000c6b00000| Complete |  0
|  52|0x00000000c7800000, 0x00000000c78dac28, 0x00000000c7900000| 85%| S|CS|TAMS 0x00000000c7800000| PB 0x00000000c7800000| Complete |  0
|  53|0x00000000c7900000, 0x00000000c7a00000, 0x00000000c7a00000|100%| S|CS|TAMS 0x00000000c7900000| PB 0x00000000c7900000| Complete |  0
|  54|0x00000000c7a00000, 0x00000000c7b00000, 0x00000000c7b00000|100%| S|CS|TAMS 0x00000000c7a00000| PB 0x00000000c7a00000| Complete |  0
|  59|0x00000000c7f00000, 0x00000000c8000000, 0x00000000c8000000|100%| E|CS|TAMS 0x00000000c7f00000| PB 0x00000000c7f00000| Complete |  0

Card table byte_map: [0x000001edf42c0000,0x000001edf44a0000] _byte_map_base: 0x000001edf3c9e000

Marking Bits: (CMBitMap*) 0x000001eddca921a0
 Bits: [0x000001edf44a0000, 0x000001edf5390000)

Polling page: 0x000001edda9b0000

Metaspace:

Usage:
  Non-class:     18.33 MB used.
      Class:      2.66 MB used.
       Both:     20.99 MB used.

Virtual space:
  Non-class space:       64.00 MB reserved,      18.50 MB ( 29%) committed,  1 nodes.
      Class space:        1.00 GB reserved,       2.81 MB ( <1%) committed,  1 nodes.
             Both:        1.06 GB reserved,      21.31 MB (  2%) committed. 

Chunk freelists:
   Non-Class:  13.09 MB
       Class:  13.14 MB
        Both:  26.23 MB

MaxMetaspaceSize: unlimited
CompressedClassSpaceSize: 1.00 GB
Initial GC threshold: 21.00 MB
Current GC threshold: 35.12 MB
CDS: on
 - commit_granule_bytes: 65536.
 - commit_granule_words: 8192.
 - virtual_space_node_default_size: 8388608.
 - enlarge_chunks_in_place: 1.
 - use_allocation_guard: 0.


Internal statistics:

num_allocs_failed_limit: 3.
num_arena_births: 316.
num_arena_deaths: 0.
num_vsnodes_births: 2.
num_vsnodes_deaths: 0.
num_space_committed: 341.
num_space_uncommitted: 0.
num_chunks_returned_to_freelist: 3.
num_chunks_taken_from_freelist: 983.
num_chunk_merges: 0.
num_chunk_splits: 659.
num_chunks_enlarged: 488.
num_inconsistent_stats: 0.

CodeHeap 'non-profiled nmethods': size=120000Kb used=1114Kb max_used=1114Kb free=118885Kb
 bounds [0x000001edec860000, 0x000001edecad0000, 0x000001edf3d90000]
CodeHeap 'profiled nmethods': size=120000Kb used=5290Kb max_used=5290Kb free=114709Kb
 bounds [0x000001ede4d90000, 0x000001ede52c0000, 0x000001edec2c0000]
CodeHeap 'non-nmethods': size=5760Kb used=1623Kb max_used=1644Kb free=4137Kb
 bounds [0x000001edec2c0000, 0x000001edec530000, 0x000001edec860000]
 total_blobs=3288 nmethods=2744 adapters=448
 compilation: enabled
              stopped_count=0, restarted_count=0
 full_count=0

Compilation events (20 events):
Event: 5.415 Thread 0x000001edc11a7dc0 2665       3       java.lang.invoke.MethodHandles$Lookup::makeHiddenClassDefiner (44 bytes)
Event: 5.416 Thread 0x000001edc11a7dc0 nmethod 2665 0x000001ede528b310 code [0x000001ede528b520, 0x000001ede528bbf0]
Event: 5.416 Thread 0x000001edc11a7dc0 2666       3       java.lang.invoke.MethodHandles$Lookup$ClassOption::optionsToFlag (40 bytes)
Event: 5.416 Thread 0x000001edc11a7dc0 nmethod 2666 0x000001ede528be90 code [0x000001ede528c060, 0x000001ede528c538]
Event: 5.417 Thread 0x000001edc11a7dc0 2667       3       java.lang.invoke.LambdaFormEditor::bindArgumentType (101 bytes)
Event: 5.418 Thread 0x000001edc11a7dc0 nmethod 2667 0x000001ede528c710 code [0x000001ede528c8c0, 0x000001ede528cad8]
Event: 5.418 Thread 0x000001edc11a7dc0 2668       3       java.lang.invoke.LambdaFormEditor::bindArgumentForm (255 bytes)
Event: 5.420 Thread 0x000001edc11a7dc0 nmethod 2668 0x000001ede528cc10 code [0x000001ede528cfc0, 0x000001ede528e3f8]
Event: 5.420 Thread 0x000001edc11a7dc0 2669       3       java.lang.invoke.LambdaFormEditor$TransformKey::of (49 bytes)
Event: 5.420 Thread 0x000001edc11a7dc0 nmethod 2669 0x000001ede528ed90 code [0x000001ede528ef80, 0x000001ede528f4d0]
Event: 5.420 Thread 0x000001edc11a7dc0 2670       3       java.lang.invoke.LambdaFormEditor$TransformKey::bval (26 bytes)
Event: 5.420 Thread 0x000001edc11a7dc0 nmethod 2670 0x000001ede528f690 code [0x000001ede528f820, 0x000001ede528f928]
Event: 5.422 Thread 0x000001edc11a7dc0 2671       3       jdk.internal.loader.URLClassPath::findResource (38 bytes)
Event: 5.423 Thread 0x000001edc11a7dc0 nmethod 2671 0x000001ede528f990 code [0x000001ede528fb60, 0x000001ede528fea8]
Event: 5.426 Thread 0x000001edc11a7dc0 2672       3       java.util.Collections$EmptySet::toArray (11 bytes)
Event: 5.426 Thread 0x000001edc11a7dc0 nmethod 2672 0x000001ede5290010 code [0x000001ede52901c0, 0x000001ede5290488]
Event: 5.428 Thread 0x000001edc11a7dc0 2674       3       java.lang.invoke.InvokerBytecodeGenerator::lookupPregenerated (294 bytes)
Event: 5.430 Thread 0x000001edc11a7dc0 nmethod 2674 0x000001ede5290590 code [0x000001ede5290900, 0x000001ede5291d10]
Event: 5.432 Thread 0x000001edc11a7dc0 2675       3       java.lang.invoke.LambdaForm$DMH/0x000001ed81114c00::invokeStatic (31 bytes)
Event: 5.432 Thread 0x000001edc11a7dc0 nmethod 2675 0x000001ede5292390 code [0x000001ede5292560, 0x000001ede52929d0]

GC Heap History (6 events):
Event: 3.694 GC heap before
{Heap before GC invocations=0 (full 0):
 garbage-first heap   total reserved 978944K, committed 61440K, used 24576K [0x00000000c4400000, 0x0000000100000000)
  region size 1024K, 24 young (24576K), 0 survivors (0K)
 Metaspace       used 5901K, committed 6080K, reserved 1114112K
  class space    used 677K, committed 768K, reserved 1048576K
}
Event: 3.700 GC heap after
{Heap after GC invocations=1 (full 0):
 garbage-first heap   total reserved 978944K, committed 61440K, used 7807K [0x00000000c4400000, 0x0000000100000000)
  region size 1024K, 3 young (3072K), 3 survivors (3072K)
 Metaspace       used 5901K, committed 6080K, reserved 1114112K
  class space    used 677K, committed 768K, reserved 1048576K
}
Event: 4.523 GC heap before
{Heap before GC invocations=1 (full 0):
 garbage-first heap   total reserved 978944K, committed 61440K, used 33407K [0x00000000c4400000, 0x0000000100000000)
  region size 1024K, 29 young (29696K), 3 survivors (3072K)
 Metaspace       used 12804K, committed 13120K, reserved 1114112K
  class space    used 1676K, committed 1792K, reserved 1048576K
}
Event: 4.532 GC heap after
{Heap after GC invocations=2 (full 0):
 garbage-first heap   total reserved 978944K, committed 61440K, used 10212K [0x00000000c4400000, 0x0000000100000000)
  region size 1024K, 3 young (3072K), 3 survivors (3072K)
 Metaspace       used 12804K, committed 13120K, reserved 1114112K
  class space    used 1676K, committed 1792K, reserved 1048576K
}
Event: 5.335 GC heap before
{Heap before GC invocations=2 (full 0):
 garbage-first heap   total reserved 978944K, committed 61440K, used 37860K [0x00000000c4400000, 0x0000000100000000)
  region size 1024K, 31 young (31744K), 3 survivors (3072K)
 Metaspace       used 20460K, committed 20736K, reserved 1114112K
  class space    used 2568K, committed 2688K, reserved 1048576K
}
Event: 5.344 GC heap after
{Heap after GC invocations=3 (full 0):
 garbage-first heap   total reserved 978944K, committed 61440K, used 12907K [0x00000000c4400000, 0x0000000100000000)
  region size 1024K, 3 young (3072K), 3 survivors (3072K)
 Metaspace       used 20460K, committed 20736K, reserved 1114112K
  class space    used 2568K, committed 2688K, reserved 1048576K
}

Dll operation events (13 events):
Event: 0.125 Loaded shared library C:\Program Files\Java\jdk-22\bin\java.dll
Event: 0.386 Loaded shared library C:\Program Files\Java\jdk-22\bin\jsvml.dll
Event: 1.490 Loaded shared library C:\Program Files\Java\jdk-22\bin\zip.dll
Event: 1.508 Loaded shared library C:\Program Files\Java\jdk-22\bin\instrument.dll
Event: 1.553 Loaded shared library C:\Program Files\Java\jdk-22\bin\net.dll
Event: 1.585 Loaded shared library C:\Program Files\Java\jdk-22\bin\nio.dll
Event: 1.591 Loaded shared library C:\Program Files\Java\jdk-22\bin\zip.dll
Event: 2.897 Loaded shared library C:\Program Files\JetBrains\IntelliJ IDEA Community Edition 2024.1.3\bin\breakgen64.dll
Event: 2.912 Loaded shared library C:\Program Files\Java\jdk-22\bin\extnet.dll
Event: 2.973 Loaded shared library C:\Program Files\Java\jdk-22\bin\jimage.dll
Event: 3.475 Loaded shared library C:\Program Files\Java\jdk-22\bin\management.dll
Event: 3.481 Loaded shared library C:\Program Files\Java\jdk-22\bin\management_ext.dll
Event: 4.263 Loaded shared library C:\Program Files\Java\jdk-22\bin\le.dll

Deoptimization events (20 events):
Event: 5.032 Thread 0x000001edc65e82e0 Uncommon trap: trap_request=0xffffff45 fr.pc=0x000001edec8d2154 relative=0x0000000000000054
Event: 5.032 Thread 0x000001edc65e82e0 Uncommon trap: reason=unstable_if action=reinterpret pc=0x000001edec8d2154 method=java.lang.CharacterData.of(I)Ljava/lang/CharacterData; @ 4 c2
Event: 5.032 Thread 0x000001edc65e82e0 DEOPT PACKING pc=0x000001edec8d2154 sp=0x0000003b837fd6b0
Event: 5.032 Thread 0x000001edc65e82e0 DEOPT UNPACKING pc=0x000001edec317da2 sp=0x0000003b837fd648 mode 2
Event: 5.332 Thread 0x000001edc65e82e0 Uncommon trap: trap_request=0xffffffc6 fr.pc=0x000001edec956998 relative=0x0000000000000658
Event: 5.332 Thread 0x000001edc65e82e0 Uncommon trap: reason=bimorphic_or_optimized_type_check action=maybe_recompile pc=0x000001edec956998 method=java.util.regex.Pattern$Start.match(Ljava/util/regex/Matcher;ILjava/lang/CharSequence;)Z @ 44 c2
Event: 5.332 Thread 0x000001edc65e82e0 DEOPT PACKING pc=0x000001edec956998 sp=0x0000003b837fe080
Event: 5.332 Thread 0x000001edc65e82e0 DEOPT UNPACKING pc=0x000001edec317da2 sp=0x0000003b837fe030 mode 2
Event: 5.332 Thread 0x000001edc65e82e0 Uncommon trap: trap_request=0xffffffc6 fr.pc=0x000001edec956998 relative=0x0000000000000658
Event: 5.332 Thread 0x000001edc65e82e0 Uncommon trap: reason=bimorphic_or_optimized_type_check action=maybe_recompile pc=0x000001edec956998 method=java.util.regex.Pattern$Start.match(Ljava/util/regex/Matcher;ILjava/lang/CharSequence;)Z @ 44 c2
Event: 5.332 Thread 0x000001edc65e82e0 DEOPT PACKING pc=0x000001edec956998 sp=0x0000003b837fe080
Event: 5.333 Thread 0x000001edc65e82e0 DEOPT UNPACKING pc=0x000001edec317da2 sp=0x0000003b837fe030 mode 2
Event: 5.333 Thread 0x000001edc65e82e0 Uncommon trap: trap_request=0xffffff6e fr.pc=0x000001edec956a50 relative=0x0000000000000710
Event: 5.333 Thread 0x000001edc65e82e0 Uncommon trap: reason=loop_limit_check action=maybe_recompile pc=0x000001edec956a50 method=java.util.regex.Pattern$Start.match(Ljava/util/regex/Matcher;ILjava/lang/CharSequence;)Z @ 34 c2
Event: 5.333 Thread 0x000001edc65e82e0 DEOPT PACKING pc=0x000001edec956a50 sp=0x0000003b837fe080
Event: 5.333 Thread 0x000001edc65e82e0 DEOPT UNPACKING pc=0x000001edec317da2 sp=0x0000003b837fe040 mode 2
Event: 5.356 Thread 0x000001edc1d36720 Uncommon trap: trap_request=0xffffff45 fr.pc=0x000001edec938044 relative=0x00000000000000a4
Event: 5.356 Thread 0x000001edc1d36720 Uncommon trap: reason=unstable_if action=reinterpret pc=0x000001edec938044 method=java.lang.ref.ReferenceQueue.poll()Ljava/lang/ref/Reference; @ 4 c2
Event: 5.356 Thread 0x000001edc1d36720 DEOPT PACKING pc=0x000001edec938044 sp=0x0000003b831fe690
Event: 5.356 Thread 0x000001edc1d36720 DEOPT UNPACKING pc=0x000001edec317da2 sp=0x0000003b831fe578 mode 2

Classes loaded (20 events):
Event: 4.928 Loading class java/util/concurrent/ConcurrentLinkedQueue$Node
Event: 4.928 Loading class java/util/concurrent/ConcurrentLinkedQueue$Node done
Event: 4.931 Loading class java/util/concurrent/atomic/AtomicLongArray
Event: 4.932 Loading class java/util/concurrent/atomic/AtomicLongArray done
Event: 4.932 Loading class java/lang/invoke/VarHandleLongs$Array
Event: 4.932 Loading class java/lang/invoke/VarHandleLongs$Array done
Event: 4.933 Loading class java/util/concurrent/atomic/AtomicReferenceArray
Event: 4.933 Loading class java/util/concurrent/atomic/AtomicReferenceArray done
Event: 4.934 Loading class java/lang/invoke/VarHandleReferences$Array
Event: 4.935 Loading class java/lang/invoke/VarHandleReferences$Array done
Event: 5.017 Loading class sun/text/resources/cldr/FormatData_en
Event: 5.019 Loading class sun/text/resources/cldr/FormatData_en done
Event: 5.024 Loading class sun/text/resources/cldr/FormatData_en_US
Event: 5.024 Loading class sun/text/resources/cldr/FormatData_en_US done
Event: 5.075 Loading class java/io/CharArrayReader
Event: 5.075 Loading class java/io/CharArrayReader done
Event: 5.399 Loading class java/lang/reflect/MalformedParametersException
Event: 5.399 Loading class java/lang/reflect/MalformedParametersException done
Event: 5.405 Loading class java/util/regex/Pattern$Pos
Event: 5.406 Loading class java/util/regex/Pattern$Pos done

Classes unloaded (0 events):
No events

Classes redefined (0 events):
No events

Internal exceptions (20 events):
Event: 4.192 Thread 0x000001edc1d36720 Exception <a 'java/lang/NoSuchMethodError'{0x00000000c73f52d0}: 'void java.lang.invoke.DelegatingMethodHandle$Holder.delegate(java.lang.Object, java.lang.Object, int, java.lang.Object)'> (0x00000000c73f52d0) 
thrown [s\open\src\hotspot\share\interpreter\linkResolver.cpp, line 774]
Event: 4.213 Thread 0x000001edc1d36720 Exception <a 'java/lang/NoSuchMethodError'{0x00000000c7180240}: 'void java.lang.invoke.DirectMethodHandle$Holder.invokeVirtual(java.lang.Object, java.lang.Object, int)'> (0x00000000c7180240) 
thrown [s\open\src\hotspot\share\interpreter\linkResolver.cpp, line 774]
Event: 4.215 Thread 0x000001edc1d36720 Exception <a 'java/lang/NoSuchMethodError'{0x00000000c7184698}: 'int java.lang.invoke.DirectMethodHandle$Holder.invokeSpecial(java.lang.Object, java.lang.Object, java.lang.Object, int)'> (0x00000000c7184698) 
thrown [s\open\src\hotspot\share\interpreter\linkResolver.cpp, line 774]
Event: 4.216 Thread 0x000001edc1d36720 Exception <a 'java/lang/NoSuchMethodError'{0x00000000c7196a60}: 'java.lang.Object java.lang.invoke.DirectMethodHandle$Holder.invokeStatic(java.lang.Object, java.lang.Object, java.lang.Object, java.lang.Object, int)'> (0x00000000c7196a60) 
thrown [s\open\src\hotspot\share\interpreter\linkResolver.cpp, line 774]
Event: 4.218 Thread 0x000001edc1d36720 Exception <a 'java/lang/NoSuchMethodError'{0x00000000c71a1a00}: 'void java.lang.invoke.DelegatingMethodHandle$Holder.reinvoke_L(java.lang.Object, java.lang.Object, int)'> (0x00000000c71a1a00) 
thrown [s\open\src\hotspot\share\interpreter\linkResolver.cpp, line 774]
Event: 4.227 Thread 0x000001edc1d36720 Exception <a 'java/lang/IncompatibleClassChangeError'{0x00000000c7034e80}: Found class java.lang.Object, but interface was expected> (0x00000000c7034e80) 
thrown [s\open\src\hotspot\share\interpreter\linkResolver.cpp, line 841]
Event: 4.233 Thread 0x000001edc1d36720 Exception <a 'java/lang/NoSuchMethodError'{0x00000000c70477a0}: 'java.lang.Object java.lang.invoke.DirectMethodHandle$Holder.invokeStaticInit(java.lang.Object, int)'> (0x00000000c70477a0) 
thrown [s\open\src\hotspot\share\interpreter\linkResolver.cpp, line 774]
Event: 4.235 Thread 0x000001edc1d36720 Exception <a 'java/lang/NoSuchMethodError'{0x00000000c7051a38}: 'java.lang.Object java.lang.invoke.DirectMethodHandle$Holder.invokeStatic(java.lang.Object, int, java.lang.Object)'> (0x00000000c7051a38) 
thrown [s\open\src\hotspot\share\interpreter\linkResolver.cpp, line 774]
Event: 4.236 Thread 0x000001edc1d36720 Exception <a 'java/lang/NoSuchMethodError'{0x00000000c70550b8}: 'java.lang.Object java.lang.invoke.DirectMethodHandle$Holder.invokeStaticInit(java.lang.Object, int, java.lang.Object)'> (0x00000000c70550b8) 
thrown [s\open\src\hotspot\share\interpreter\linkResolver.cpp, line 774]
Event: 4.255 Thread 0x000001edc1d36720 Exception <a 'sun/nio/fs/WindowsException'{0x00000000c70b42b0}> (0x00000000c70b42b0) 
thrown [s\open\src\hotspot\share\prims\jni.cpp, line 520]
Event: 4.266 Thread 0x000001edc1d36720 Exception <a 'jdk/internal/org/jline/terminal/impl/jna/LastErrorException'{0x00000000c70c0950}> (0x00000000c70c0950) 
thrown [s\open\src\hotspot\share\prims\jni.cpp, line 520]
Event: 4.266 Thread 0x000001edc1d36720 Exception <a 'jdk/internal/org/jline/terminal/impl/jna/LastErrorException'{0x00000000c70c1010}> (0x00000000c70c1010) 
thrown [s\open\src\hotspot\share\prims\jni.cpp, line 520]
Event: 4.266 Thread 0x000001edc1d36720 Exception <a 'jdk/internal/org/jline/terminal/impl/jna/LastErrorException'{0x00000000c70c1680}> (0x00000000c70c1680) 
thrown [s\open\src\hotspot\share\prims\jni.cpp, line 520]
Event: 4.885 Thread 0x000001edc1d36720 Exception <a 'java/lang/NoSuchMethodError'{0x00000000c7234f58}: 'int java.lang.invoke.DirectMethodHandle$Holder.invokeSpecial(java.lang.Object, java.lang.Object, java.lang.Object, java.lang.Object, java.lang.Object)'> (0x00000000c7234f58) 
thrown [s\open\src\hotspot\share\interpreter\linkResolver.cpp, line 774]
Event: 4.892 Thread 0x000001edc1d36720 Exception <a 'java/lang/NoSuchMethodError'{0x00000000c723d3c8}: 'void java.lang.invoke.DirectMethodHandle$Holder.invokeVirtual(java.lang.Object, java.lang.Object)'> (0x00000000c723d3c8) 
thrown [s\open\src\hotspot\share\interpreter\linkResolver.cpp, line 774]
Event: 5.428 Thread 0x000001edc65e82e0 Exception <a 'java/lang/NoSuchMethodError'{0x00000000c7c0b8b8}: 'long java.lang.invoke.DirectMethodHandle$Holder.invokeSpecial(java.lang.Object, java.lang.Object)'> (0x00000000c7c0b8b8) 
thrown [s\open\src\hotspot\share\interpreter\linkResolver.cpp, line 774]
Event: 5.435 Thread 0x000001edc65e82e0 Exception <a 'java/lang/NoSuchMethodError'{0x00000000c7c15448}: 'long java.lang.invoke.DirectMethodHandle$Holder.invokeStatic(java.lang.Object, java.lang.Object)'> (0x00000000c7c15448) 
thrown [s\open\src\hotspot\share\interpreter\linkResolver.cpp, line 774]
Event: 5.436 Thread 0x000001edc65e82e0 Exception <a 'java/lang/NoSuchMethodError'{0x00000000c7c18530}: 'long java.lang.invoke.DirectMethodHandle$Holder.invokeStaticInit(java.lang.Object, java.lang.Object)'> (0x00000000c7c18530) 
thrown [s\open\src\hotspot\share\interpreter\linkResolver.cpp, line 774]
Event: 5.440 Thread 0x000001edc65e82e0 Exception <a 'java/lang/NoSuchMethodError'{0x00000000c7c24728}: 'long java.lang.invoke.DirectMethodHandle$Holder.invokeInterface(java.lang.Object, java.lang.Object)'> (0x00000000c7c24728) 
thrown [s\open\src\hotspot\share\interpreter\linkResolver.cpp, line 774]
Event: 5.440 Thread 0x000001edc65e82e0 Exception <a 'java/lang/IncompatibleClassChangeError'{0x00000000c7c27738}: Found class java.lang.Object, but interface was expected> (0x00000000c7c27738) 
thrown [s\open\src\hotspot\share\interpreter\linkResolver.cpp, line 841]

ZGC Phase Switch (0 events):
No events

VM Operations (20 events):
Event: 4.122 Executing VM operation: HandshakeAllThreads (Deoptimize)
Event: 4.122 Executing VM operation: HandshakeAllThreads (Deoptimize) done
Event: 4.123 Executing VM operation: HandshakeAllThreads (Deoptimize)
Event: 4.123 Executing VM operation: HandshakeAllThreads (Deoptimize) done
Event: 4.179 Executing VM operation: ICBufferFull
Event: 4.179 Executing VM operation: ICBufferFull done
Event: 4.191 Executing VM operation: HandshakeAllThreads (Deoptimize)
Event: 4.191 Executing VM operation: HandshakeAllThreads (Deoptimize) done
Event: 4.239 Executing VM operation: HandshakeAllThreads (Deoptimize)
Event: 4.239 Executing VM operation: HandshakeAllThreads (Deoptimize) done
Event: 4.523 Executing VM operation: G1CollectForAllocation (G1 Evacuation Pause)
Event: 4.532 Executing VM operation: G1CollectForAllocation (G1 Evacuation Pause) done
Event: 4.755 Executing VM operation: HandshakeAllThreads (Deoptimize)
Event: 4.755 Executing VM operation: HandshakeAllThreads (Deoptimize) done
Event: 4.832 Executing VM operation: HandshakeAllThreads (Deoptimize)
Event: 4.841 Executing VM operation: HandshakeAllThreads (Deoptimize) done
Event: 5.036 Executing VM operation: HandshakeAllThreads (Deoptimize)
Event: 5.036 Executing VM operation: HandshakeAllThreads (Deoptimize) done
Event: 5.334 Executing VM operation: G1CollectForAllocation (G1 Evacuation Pause)
Event: 5.344 Executing VM operation: G1CollectForAllocation (G1 Evacuation Pause) done

Events (18 events):
Event: 0.309 Thread 0x000001edda70d120 Thread added: 0x000001edda70d120
Event: 0.378 Thread 0x000001edc1193e90 Thread added: 0x000001edc1193e90
Event: 0.379 Thread 0x000001edc1195050 Thread added: 0x000001edc1195050
Event: 0.379 Thread 0x000001edc119a260 Thread added: 0x000001edc119a260
Event: 0.379 Thread 0x000001edc119cec0 Thread added: 0x000001edc119cec0
Event: 0.379 Thread 0x000001edc119efe0 Thread added: 0x000001edc119efe0
Event: 0.379 Thread 0x000001edc11a0480 Thread added: 0x000001edc11a0480
Event: 0.380 Thread 0x000001edc11a7160 Thread added: 0x000001edc11a7160
Event: 0.380 Thread 0x000001edc11a7dc0 Thread added: 0x000001edc11a7dc0
Event: 1.392 Thread 0x000001edc138f740 Thread added: 0x000001edc138f740
Event: 2.005 Thread 0x000001edc1520760 Thread added: 0x000001edc1520760
Event: 2.296 Thread 0x000001edc1520760 Thread exited: 0x000001edc1520760
Event: 2.899 Thread 0x000001edc1896c20 Thread added: 0x000001edc1896c20
Event: 2.899 Thread 0x000001edc1897290 Thread added: 0x000001edc1897290
Event: 3.038 Thread 0x000001edc19c6350 Thread added: 0x000001edc19c6350
Event: 3.580 Thread 0x000001edc61973d0 Thread added: 0x000001edc61973d0
Event: 3.584 Thread 0x000001edc1d36720 Thread added: 0x000001edc1d36720
Event: 4.176 Thread 0x000001edc65e82e0 Thread added: 0x000001edc65e82e0


Dynamic libraries:
0x00007ff788160000 - 0x00007ff788170000 	C:\Program Files\Java\jdk-22\bin\java.exe
0x00007ff92e390000 - 0x00007ff92e5a7000 	C:\WINDOWS\SYSTEM32\ntdll.dll
0x00007ff92c290000 - 0x00007ff92c354000 	C:\WINDOWS\System32\KERNEL32.DLL
0x00007ff92b660000 - 0x00007ff92ba1a000 	C:\WINDOWS\System32\KERNELBASE.dll
0x00007ff92ba50000 - 0x00007ff92bb61000 	C:\WINDOWS\System32\ucrtbase.dll
0x00007ff914890000 - 0x00007ff9148ab000 	C:\Program Files\Java\jdk-22\bin\VCRUNTIME140.dll
0x00007ff9146c0000 - 0x00007ff9146d7000 	C:\Program Files\Java\jdk-22\bin\jli.dll
0x00007ff92dd40000 - 0x00007ff92ddf2000 	C:\WINDOWS\System32\ADVAPI32.dll
0x00007ff92dac0000 - 0x00007ff92db67000 	C:\WINDOWS\System32\msvcrt.dll
0x00007ff92c110000 - 0x00007ff92c1b7000 	C:\WINDOWS\System32\sechost.dll
0x00007ff92ba20000 - 0x00007ff92ba48000 	C:\WINDOWS\System32\bcrypt.dll
0x00007ff92cfd0000 - 0x00007ff92d0e4000 	C:\WINDOWS\System32\RPCRT4.dll
0x00007ff92cd00000 - 0x00007ff92ceae000 	C:\WINDOWS\System32\USER32.dll
0x00007ff92c060000 - 0x00007ff92c086000 	C:\WINDOWS\System32\win32u.dll
0x00007ff8fc8e0000 - 0x00007ff8fcb72000 	C:\WINDOWS\WinSxS\amd64_microsoft.windows.common-controls_6595b64144ccf1df_6.0.22621.4541_none_2710d1c57384c085\COMCTL32.dll
0x00007ff92ced0000 - 0x00007ff92cef9000 	C:\WINDOWS\System32\GDI32.dll
0x00007ff92bbf0000 - 0x00007ff92bd0b000 	C:\WINDOWS\System32\gdi32full.dll
0x00007ff92bd90000 - 0x00007ff92be2a000 	C:\WINDOWS\System32\msvcp_win.dll
0x00007ff918bf0000 - 0x00007ff918bfa000 	C:\WINDOWS\SYSTEM32\VERSION.dll
0x00007ff92c1c0000 - 0x00007ff92c1f1000 	C:\WINDOWS\System32\IMM32.DLL
0x00007ff9228f0000 - 0x00007ff9228fc000 	C:\Program Files\Java\jdk-22\bin\vcruntime140_1.dll
0x00007ff9142b0000 - 0x00007ff91433e000 	C:\Program Files\Java\jdk-22\bin\msvcp140.dll
0x00007ff8a2270000 - 0x00007ff8a2fb8000 	C:\Program Files\Java\jdk-22\bin\server\jvm.dll
0x00007ff92c4d0000 - 0x00007ff92c541000 	C:\WINDOWS\System32\WS2_32.dll
0x00007ff92b530000 - 0x00007ff92b57d000 	C:\WINDOWS\SYSTEM32\POWRPROF.dll
0x00007ff91f1e0000 - 0x00007ff91f214000 	C:\WINDOWS\SYSTEM32\WINMM.dll
0x00007ff92b510000 - 0x00007ff92b523000 	C:\WINDOWS\SYSTEM32\UMPDC.dll
0x00007ff92a6a0000 - 0x00007ff92a6b8000 	C:\WINDOWS\SYSTEM32\kernel.appcore.dll
0x00007ff9148d0000 - 0x00007ff9148da000 	C:\Program Files\Java\jdk-22\bin\jimage.dll
0x00007ff928e90000 - 0x00007ff9290c2000 	C:\WINDOWS\SYSTEM32\DBGHELP.DLL
0x00007ff92c550000 - 0x00007ff92c8df000 	C:\WINDOWS\System32\combase.dll
0x00007ff92d980000 - 0x00007ff92da57000 	C:\WINDOWS\System32\OLEAUT32.dll
0x00007ff908330000 - 0x00007ff908362000 	C:\WINDOWS\SYSTEM32\dbgcore.DLL
0x00007ff92bd10000 - 0x00007ff92bd8b000 	C:\WINDOWS\System32\bcryptPrimitives.dll
0x00007ff913b30000 - 0x00007ff913b3f000 	C:\Program Files\Java\jdk-22\bin\instrument.dll
0x00007ff914410000 - 0x00007ff91442e000 	C:\Program Files\Java\jdk-22\bin\java.dll
0x00007ff92d100000 - 0x00007ff92d978000 	C:\WINDOWS\System32\SHELL32.dll
0x00007ff92ca50000 - 0x00007ff92cbf5000 	C:\WINDOWS\System32\ole32.dll
0x00007ff9295a0000 - 0x00007ff929ea8000 	C:\WINDOWS\SYSTEM32\windows.storage.dll
0x00007ff929460000 - 0x00007ff92959f000 	C:\WINDOWS\SYSTEM32\wintypes.dll
0x00007ff92cc00000 - 0x00007ff92ccfa000 	C:\WINDOWS\System32\SHCORE.dll
0x00007ff92cf70000 - 0x00007ff92cfce000 	C:\WINDOWS\System32\shlwapi.dll
0x00007ff92b590000 - 0x00007ff92b5bb000 	C:\WINDOWS\SYSTEM32\profapi.dll
0x00007ff9141d0000 - 0x00007ff9142a7000 	C:\Program Files\Java\jdk-22\bin\jsvml.dll
0x00007ff913fa0000 - 0x00007ff913fb7000 	C:\Program Files\Java\jdk-22\bin\zip.dll
0x00007ff914880000 - 0x00007ff914890000 	C:\Program Files\Java\jdk-22\bin\net.dll
0x00007ff92ab20000 - 0x00007ff92ab89000 	C:\WINDOWS\system32\mswsock.dll
0x00007ff914160000 - 0x00007ff914176000 	C:\Program Files\Java\jdk-22\bin\nio.dll
0x00007ff914510000 - 0x00007ff91452a000 	C:\Program Files\JetBrains\IntelliJ IDEA Community Edition 2024.1.3\bin\breakgen64.dll
0x00007ff913690000 - 0x00007ff913699000 	C:\Program Files\Java\jdk-22\bin\extnet.dll
0x00007ff914150000 - 0x00007ff91415a000 	C:\Program Files\Java\jdk-22\bin\management.dll
0x00007ff913b40000 - 0x00007ff913b4b000 	C:\Program Files\Java\jdk-22\bin\management_ext.dll
0x00007ff92dd30000 - 0x00007ff92dd38000 	C:\WINDOWS\System32\PSAPI.DLL
0x00007ff913380000 - 0x00007ff91338b000 	C:\Program Files\Java\jdk-22\bin\le.dll

dbghelp: loaded successfully - version: 4.0.5 - missing functions: none
symbol engine: initialized successfully - sym options: 0x614 - pdb path: .;C:\Program Files\Java\jdk-22\bin;C:\WINDOWS\SYSTEM32;C:\WINDOWS\WinSxS\amd64_microsoft.windows.common-controls_6595b64144ccf1df_6.0.22621.4541_none_2710d1c57384c085;C:\Program Files\Java\jdk-22\bin\server;C:\Program Files\JetBrains\IntelliJ IDEA Community Edition 2024.1.3\bin

VM Arguments:
jvm_args: -javaagent:C:\Program Files\JetBrains\IntelliJ IDEA Community Edition 2024.1.3\lib\idea_rt.jar=54620:C:\Program Files\JetBrains\IntelliJ IDEA Community Edition 2024.1.3\bin -Dfile.encoding=UTF-8 -Dsun.stdout.encoding=UTF-8 -Dsun.stderr.encoding=UTF-8 
java_command: com.example.cinema_backend.CinemaBackEndApplication
java_class_path (initial): D:\DACN\cinema_backend\cinema_backend\cinema_backend\target\classes;C:\Users\TOP\.m2\repository\org\springframework\boot\spring-boot-starter-data-jpa\3.3.5\spring-boot-starter-data-jpa-3.3.5.jar;C:\Users\TOP\.m2\repository\org\springframework\boot\spring-boot-starter-aop\3.3.5\spring-boot-starter-aop-3.3.5.jar;C:\Users\TOP\.m2\repository\org\aspectj\aspectjweaver\1.9.22.1\aspectjweaver-1.9.22.1.jar;C:\Users\TOP\.m2\repository\org\springframework\boot\spring-boot-starter-jdbc\3.3.5\spring-boot-starter-jdbc-3.3.5.jar;C:\Users\TOP\.m2\repository\com\zaxxer\HikariCP\5.1.0\HikariCP-5.1.0.jar;C:\Users\TOP\.m2\repository\org\springframework\spring-jdbc\6.1.14\spring-jdbc-6.1.14.jar;C:\Users\TOP\.m2\repository\org\hibernate\orm\hibernate-core\6.5.3.Final\hibernate-core-6.5.3.Final.jar;C:\Users\TOP\.m2\repository\jakarta\persistence\jakarta.persistence-api\3.1.0\jakarta.persistence-api-3.1.0.jar;C:\Users\TOP\.m2\repository\jakarta\transaction\jakarta.transaction-api\2.0.1\jakarta.transaction-api-2.0.1.jar;C:\Users\TOP\.m2\repository\org\jboss\logging\jboss-logging\3.5.3.Final\jboss-logging-3.5.3.Final.jar;C:\Users\TOP\.m2\repository\org\hibernate\common\hibernate-commons-annotations\6.0.6.Final\hibernate-commons-annotations-6.0.6.Final.jar;C:\Users\TOP\.m2\repository\io\smallrye\jandex\3.1.2\jandex-3.1.2.jar;C:\Users\TOP\.m2\repository\com\fasterxml\classmate\1.7.0\classmate-1.7.0.jar;C:\Users\TOP\.m2\repository\net\bytebuddy\byte-buddy\1.14.19\byte-buddy-1.14.19.jar;C:\Users\TOP\.m2\repository\org\glassfish\jaxb\jaxb-runtime\4.0.5\jaxb-runtime-4.0.5.jar;C:\Users\TOP\.m2\repository\org\glassfish\jaxb\jaxb-core\4.0.5\jaxb-core-4.0.5.jar;C:\Users\TOP\.m2\repository\org\eclipse\angus\angus-activation\2.0.2\angus-activation-2.0.2.jar;C:\Users\TOP\.m2\repository\org\glassfish\jaxb\txw2\4.0.5\txw2-4.0.5.jar;C:\Users\TOP\.m2\repository\com\sun\istack\istack-commons-runtime\4.1.2\istack-commons-runtime-4.1.2.jar;C:\Users\TOP\.m2\repository\jakarta\inject\jakarta.inject-api\2.0.1\jakarta.inject-api-2.0.1.jar;C:\Users\TOP\.m2\repository\org\antlr\antlr4-runtime\4.13.0\antlr4-runtime-4.13.0.jar;C:\Users\TOP\.m2\repository\org\springframework\data\spring-data-jpa\3.3.5\spring-data-jpa-3.3.5.jar;C:\Users\TOP\.m2\repository\org\springframework\data\spring-data-commons\3.3.5\spring-data-commons-3.3.5.jar;C:\Users\TOP\.m2\repository\org\springframework\spring-orm\6.1.14\spring-orm-6.1.14.jar;C:\Users\TOP\.m2\repository\org\springframework\spring-context\6.1.14\spring-context-6.1.14.jar;C:\Users\TOP\.m2\repository\org\springframework\spring-tx\6.1.14\spring-tx-6.1.14.jar;C:\Users\TOP\.m2\repository\org\springframework\spring-beans\6.1.14\spring-beans-6.1.14.jar;C:\Users\TOP\.m2\repository\jakarta\annotation\jakarta.annotation-api\2.1.1\jakarta.annotation-api-2.1.1.jar;C:\Users\TOP\.m2\repository\org\springframework\spring-aspects\6.1.14\spring-aspects-6.1.14.jar;C:\Users\TOP\.m2\repository\org\springframework\boot\spring-boot-starter-security\3.3.5\spring-boot-starter-security-3.3.5.jar;C:\Users\TOP\.m2\repository\org\springframework\boot\spring-boot-starter\3.3.5\spring-boot-starter-3.3.5.jar;C:\Users\TOP\.m2\repository\org\springframework\boot\spring-boot-starter-logging\3.3.5\spring-boot-starter-logging-3.3.5.jar;C:\Users\TOP\.m2\repository\ch\qos\logback\logback-classic\1.5.11\logback-classic-1.5.11.jar;C:\Users\TOP\.m2\repository\ch\qos\logback\logback-core\1.5.11\logback-core-1.5.11.jar;C:\Users\TOP\.m2\repository\org\apache\logging\log4j\log4j-to-slf4j\2.23.1\log4j-to-slf4j-2.23.1.jar;C:\Users\TOP\.m2\repository\org\apache\logging\log4j\log4j-api\2.23.1\log4j-api-2.23.1.jar;C:\Users\TOP\.m2\repository\org\slf4j\jul-to-slf4j\2.0.16\jul-to-slf4j-2.0.16.jar;C:\Users\TOP\.m2\repository\org\yaml\snakeyaml\2.2\snakeyaml-2.2.jar;C:\Users\TOP\.m2\repository\org\springframework\spring-aop\6.1.14\spring-aop-6.1.14.jar;C:\Users\TOP\.m2\repository\org\springframework\security\spring-security-config\6.3.4\spring-security-config-6.3.4.jar;C:\Users\TOP\.m2\repository\org\springframework\security\spring-security-web\6.3.4\spring-security-web-6.3.4.jar;C:\Users\TOP\.m2\repository\org\springframework\spring-expression\6.1.14\spring-expression-6.1.14.jar;C:\Users\TOP\.m2\repository\org\springframework\boot\spring-boot-starter-thymeleaf\3.3.5\spring-boot-starter-thymeleaf-3.3.5.jar;C:\Users\TOP\.m2\repository\org\thymeleaf\thymeleaf-spring6\3.1.2.RELEASE\thymeleaf-spring6-3.1.2.RELEASE.jar;C:\Users\TOP\.m2\repository\org\thymeleaf\thymeleaf\3.1.2.RELEASE\thymeleaf-3.1.2.RELEASE.jar;C:\Users\TOP\.m2\repository\org\attoparser\attoparser\2.0.7.RELEASE\attoparser-2.0.7.RELEASE.jar;C:\Users\TOP\.m2\repository\org\unbescape\unbescape\1.1.6.RELEASE\unbescape-1.1.6.RELEASE.jar;C:\Users\TOP\.m2\repository\org\springframework\boot\spring-boot-starter-validation\3.3.5\spring-boot-starter-validation-3.3.5.jar;C:\Users\TOP\.m2\repository\org\apache\tomcat\embed\tomcat-embed-el\10.1.31\tomcat-embed-el-10.1.31.jar;C:\Users\TOP\.m2\repository\org\hibernate\validator\hibernate-validator\8.0.1.Final\hibernate-validator-8.0.1.Final.jar;C:\Users\TOP\.m2\repository\jakarta\validation\jakarta.validation-api\3.0.2\jakarta.validation-api-3.0.2.jar;C:\Users\TOP\.m2\repository\org\springframework\boot\spring-boot-starter-web\3.3.5\spring-boot-starter-web-3.3.5.jar;C:\Users\TOP\.m2\repository\org\springframework\boot\spring-boot-starter-json\3.3.5\spring-boot-starter-json-3.3.5.jar;C:\Users\TOP\.m2\repository\com\fasterxml\jackson\datatype\jackson-datatype-jdk8\2.17.2\jackson-datatype-jdk8-2.17.2.jar;C:\Users\TOP\.m2\repository\com\fasterxml\jackson\datatype\jackson-datatype-jsr310\2.17.2\jackson-datatype-jsr310-2.17.2.jar;C:\Users\TOP\.m2\repository\com\fasterxml\jackson\module\jackson-module-parameter-names\2.17.2\jackson-module-parameter-names-2.17.2.jar;C:\Users\TOP\.m2\repository\org\springframework\boot\spring-boot-starter-tomcat\3.3.5\spring-boot-starter-tomcat-3.3.5.jar;C:\Users\TOP\.m2\repository\org\apache\tomcat\embed\tomcat-embed-core\10.1.31\tomcat-embed-core-10.1.31.jar;C:\Users\TOP\.m2\repository\org\apache\tomcat\embed\tomcat-embed-websocket\10.1.31\tomcat-embed-websocket-10.1.31.jar;C:\Users\TOP\.m2\repository\org\springframework\spring-web\6.1.14\spring-web-6.1.14.jar;C:\Users\TOP\.m2\repository\io\micrometer\micrometer-observation\1.13.6\micrometer-observation-1.13.6.jar;C:\Users\TOP\.m2\repository\io\micrometer\micrometer-commons\1.13.6\micrometer-commons-1.13.6.jar;C:\Users\TOP\.m2\repository\org\springframework\spring-webmvc\6.1.14\spring-webmvc-6.1.14.jar;C:\Users\TOP\.m2\repository\org\thymeleaf\extras\thymeleaf-extras-springsecurity6\3.1.2.RELEASE\thymeleaf-extras-springsecurity6-3.1.2.RELEASE.jar;C:\Users\TOP\.m2\repository\org\slf4j\slf4j-api\2.0.16\slf4j-api-2.0.16.jar;C:\Users\TOP\.m2\repository\org\postgresql\postgresql\42.3.1\postgresql-42.3.1.jar;C:\Users\TOP\.m2\repository\org\checkerframework\checker-qual\3.5.0\checker-qual-3.5.0.jar;C:\Users\TOP\.m2\repository\org\springframework\boot\spring-boot-devtools\3.3.5\spring-boot-devtools-3.3.5.jar;C:\Users\TOP\.m2\repository\org\springframework\boot\spring-boot\3.3.5\spring-boot-3.3.5.jar;C:\Users\TOP\.m2\repository\org\springframework\boot\spring-boot-autoconfigure\3.3.5\spring-boot-autoconfigure-3.3.5.jar;C:\Users\TOP\.m2\repository\com\mysql\mysql-connector-j\8.3.0\mysql-connector-j-8.3.0.jar;C:\Users\TOP\.m2\repository\org\projectlombok\lombok\1.18.34\lombok-1.18.34.jar;C:\Users\TOP\.m2\repository\jakarta\xml\bind\jakarta.xml.bind-api\4.0.2\jakarta.xml.bind-api-4.0.2.jar;C:\Users\TOP\.m2\repository\jakarta\activation\jakarta.activation-api\2.1.3\jakarta.activation-api-2.1.3.jar;C:\Users\TOP\.m2\repository\org\springframework\spring-core\6.1.14\spring-core-6.1.14.jar;C:\Users\TOP\.m2\repository\org\springframework\spring-jcl\6.1.14\spring-jcl-6.1.14.jar;C:\Users\TOP\.m2\repository\org\springframework\security\spring-security-core\6.3.4\spring-security-core-6.3.4.jar;C:\Users\TOP\.m2\repository\org\springframework\security\spring-security-crypto\6.3.4\spring-security-crypto-6.3.4.jar;C:\Users\TOP\.m2\repository\javax\xml\bind\jaxb-api\2.3.1\jaxb-api-2.3.1.jar;C:\Users\TOP\.m2\repository\javax\activation\javax.activation-api\1.2.0\javax.activation-api-1.2.0.jar;C:\Users\TOP\.m2\repository\org\modelmapper\modelmapper\2.3.5\modelmapper-2.3.5.jar;C:\Users\TOP\.m2\repository\io\jsonwebtoken\jjwt\0.9.1\jjwt-0.9.1.jar;C:\Users\TOP\.m2\repository\com\fasterxml\jackson\core\jackson-databind\2.17.2\jackson-databind-2.17.2.jar;C:\Users\TOP\.m2\repository\com\fasterxml\jackson\core\jackson-annotations\2.17.2\jackson-annotations-2.17.2.jar;C:\Users\TOP\.m2\repository\com\fasterxml\jackson\core\jackson-core\2.17.2\jackson-core-2.17.2.jar
Launcher Type: SUN_STANDARD

[Global flags]
     intx CICompilerCount                          = 4                                         {product} {ergonomic}
     uint ConcGCThreads                            = 2                                         {product} {ergonomic}
     uint G1ConcRefinementThreads                  = 8                                         {product} {ergonomic}
   size_t G1HeapRegionSize                         = 1048576                                   {product} {ergonomic}
   size_t InitialHeapSize                          = 62914560                                  {product} {ergonomic}
   size_t MarkStackSize                            = 4194304                                   {product} {ergonomic}
   size_t MaxHeapSize                              = 1002438656                                {product} {ergonomic}
   size_t MaxNewSize                               = 600834048                                 {product} {ergonomic}
   size_t MinHeapDeltaBytes                        = 1048576                                   {product} {ergonomic}
   size_t MinHeapSize                              = 8388608                                   {product} {ergonomic}
    uintx NonNMethodCodeHeapSize                   = 5839372                                {pd product} {ergonomic}
    uintx NonProfiledCodeHeapSize                  = 122909434                              {pd product} {ergonomic}
    uintx ProfiledCodeHeapSize                     = 122909434                              {pd product} {ergonomic}
    uintx ReservedCodeCacheSize                    = 251658240                              {pd product} {ergonomic}
     bool SegmentedCodeCache                       = true                                      {product} {ergonomic}
   size_t SoftMaxHeapSize                          = 1002438656                             {manageable} {ergonomic}
     bool UseCompressedOops                        = true                           {product lp64_product} {ergonomic}
     bool UseG1GC                                  = true                                      {product} {ergonomic}
     bool UseLargePagesIndividualAllocation        = false                                  {pd product} {ergonomic}

Logging:
Log output configuration:
 #0: stdout all=warning uptime,level,tags foldmultilines=false
 #1: stderr all=off uptime,level,tags foldmultilines=false

Environment Variables:
JAVA_HOME=C:\Program Files\Java\jdk-19
PATH=C:\Program Files\Common Files\Oracle\Java\javapath;C:\Program Files (x86)\VMware\VMware Workstation\bin\;C:\Program Files (x86)\Common Files\Oracle\Java\javapath;C:\WINDOWS\system32;C:\WINDOWS;C:\WINDOWS\System32\Wbem;C:\WINDOWS\System32\WindowsPowerShell\v1.0\;C:\WINDOWS\System32\OpenSSH\;c:\altera\91sp2\quartus\bin;C:\Program Files\Microsoft SQL Server\Client SDK\ODBC\110\Tools\Binn\;C:\Program Files (x86)\Microsoft SQL Server\120\Tools\Binn\ManagementStudio\;C:\Program Files (x86)\Microsoft SQL Server\120\Tools\Binn\;C:\Program Files\Microsoft SQL Server\120\Tools\Binn\;C:\Program Files (x86)\Microsoft SQL Server\120\DTS\Binn\;C:\Program Files\Microsoft SQL Server\120\DTS\Binn\;C:\Program Files\Microsoft SQL Server\Client SDK\ODBC\170\Tools\Binn\;C:\Program Files\dotnet\;C:\Program Files (x86)\Microsoft SQL Server\160\Tools\Binn\;C:\Program Files\Microsoft SQL Server\160\Tools\Binn\;C:\Program Files\Microsoft SQL Server\160\DTS\Binn\;C:\Program Files\Git\cmd;C:\Program Files (x86)\Microsoft SQL Server\160\DTS\Binn\;C:\Users\TOP\Downloads\flutter_windows_3.24.5-stable\flutter\bin;C:\Users\TOP\AppData\Local\Programs\Python\Python312\Scripts\;C:\Users\TOP\AppData\Local\Programs\Python\Python312\;C:\Users\TOP\AppData\Local\Programs\Python\Launcher\;C:\Users\TOP\AppData\Local\Microsoft\WindowsApps;C:\Users\TOP\AppData\Local\Programs\Microsoft VS Code\bin;C:\Users\TOP\.dotnet\tools
USERNAME=TOP
OS=Windows_NT
PROCESSOR_IDENTIFIER=Intel64 Family 6 Model 140 Stepping 1, GenuineIntel
TMP=C:\Users\TOP\AppData\Local\Temp
TEMP=C:\Users\TOP\AppData\Local\Temp




Periodic native trim disabled

---------------  S Y S T E M  ---------------

OS:
 Windows 11 , 64 bit Build 22621 (10.0.22621.4391)
OS uptime: 0 days 14:24 hours

CPU: total 8 (initial active 8) (4 cores per cpu, 2 threads per core) family 6 model 140 stepping 1 microcode 0xb8, cx8, cmov, fxsr, ht, mmx, 3dnowpref, sse, sse2, sse3, ssse3, sse4.1, sse4.2, popcnt, lzcnt, tsc, tscinvbit, avx, avx2, aes, erms, clmul, bmi1, bmi2, adx, avx512f, avx512dq, avx512cd, avx512bw, avx512vl, sha, fma, vzeroupper, avx512_vpopcntdq, avx512_vpclmulqdq, avx512_vaes, avx512_vnni, clflush, clflushopt, clwb, avx512_vbmi2, avx512_vbmi, rdtscp, rdpid, fsrm, gfni, avx512_bitalg, f16c, pku, cet_ibt, cet_ss, avx512_ifma
Processor Information for all 8 processors :
  Max Mhz: 2419, Current Mhz: 2419, Mhz Limit: 2419

Memory: 4k page, system-wide physical 3818M (240M free)
TotalPageFile size 15594M (AvailPageFile size 58M)
current process WorkingSet (physical memory assigned to process): 128M, peak: 136M
current process commit charge ("private bytes"): 184M, peak: 193M

vm_info: Java HotSpot(TM) 64-Bit Server VM (22+36-2370) for windows-amd64 JRE (22+36-2370), built on 2024-02-15T22:15:19Z by "mach5one" with MS VC++ 17.6 (VS2022)

END.
